===========================================
TUKANGINAJA SYSTEM AUDIT LOG
===========================================
Date: 2025-11-01
Auditor: Cursor AI (System Audit Task)
Project: TukanginAja
Branch: main
===========================================

[INFO] Starting system audit...
[INFO] Repository: https://github.com/nurwahyudinoman-cell/TukanginAja.git
[INFO] Working directory: /Users/nurwahyudin/AndroidStudioProjects/TukanginAja

===========================================
1. GRADLE VERSION CHECK
===========================================
[INFO] Executing: ./gradlew -v
[SUCCESS] Gradle Version: 8.13
[INFO] Build time: 2025-02-25 09:22:14 UTC
[INFO] Kotlin: 2.0.21
[INFO] OS: Mac OS X 15.3 aarch64 (Apple Silicon)

===========================================
2. TEST EXECUTION
===========================================
[INFO] Executing: ./gradlew test
[SUCCESS] BUILD SUCCESSFUL in 9s
[INFO] Test Results: ✅ All tests passed

===========================================
3. SYSTEM HEALTH SUMMARY
===========================================
[SUCCESS] Overall Status: ✅ HEALTHY
[INFO] Build System: Working correctly
[INFO] Dependencies: All resolved
[INFO] Tests: All passing
[WARNING] Limited test coverage
[WARNING] CI/CD not configured

===========================================
AUDIT COMPLETION
===========================================
[SUCCESS] System audit completed successfully
[INFO] Report saved to: docs/system-audit.md
[INFO] Status: ✅ Safe to proceed (with recommendations)
